# JRE version: Java(TM) SE Runtime Environment (8.0_144-b01) (build 1.8.0_144-b01)
# Java VM: Java HotSpot(TM) 64-Bit Server VM (25.144-b01 mixed mode windows-amd64 compressed oops)
Heap:
 PSYoungGen      total 196096K, used 55633K [0x00000000d5980000, 0x00000000e3080000, 0x0000000100000000)
  eden space 178176K, 21% used [0x00000000d5980000,0x00000000d7faff58,0x00000000e0780000)
  from space 17920K, 92% used [0x00000000e1b00000,0x00000000e2b24608,0x00000000e2c80000)
  to   space 19968K, 0% used [0x00000000e0780000,0x00000000e0780000,0x00000000e1b00000)
 ParOldGen       total 61952K, used 21094K [0x0000000080c00000, 0x0000000084880000, 0x00000000d5980000)
  object space 61952K, 34% used [0x0000000080c00000,0x0000000082099a58,0x0000000084880000)
 Metaspace       used 55780K, capacity 59030K, committed 59096K, reserved 1099776K
  class space    used 7666K, capacity 8178K, committed 8192K, reserved 1048576K
GC Heap History (10 events):
Event: 3.697 GC heap before
{Heap before GC invocations=8 (full 1):
 PSYoungGen      total 108032K, used 107516K [0x00000000d5980000, 0x00000000dcf80000, 0x0000000100000000)
  eden space 98304K, 100% used [0x00000000d5980000,0x00000000db980000,0x00000000db980000)
  from space 9728K, 94% used [0x00000000dc500000,0x00000000dcdff108,0x00000000dce80000)
  to   space 11264K, 0% used [0x00000000db980000,0x00000000db980000,0x00000000dc480000)
 ParOldGen       total 61952K, used 8220K [0x0000000080c00000, 0x0000000084880000, 0x00000000d5980000)
  object space 61952K, 13% used [0x0000000080c00000,0x0000000081407220,0x0000000084880000)
 Metaspace       used 31354K, capacity 33126K, committed 33408K, reserved 1079296K
  class space    used 4095K, capacity 4405K, committed 4480K, reserved 1048576K
Event: 3.708 GC heap after
Heap after GC invocations=8 (full 1):
 PSYoungGen      total 109568K, used 10498K [0x00000000d5980000, 0x00000000dfd80000, 0x0000000100000000)
  eden space 98304K, 0% used [0x00000000d5980000,0x00000000d5980000,0x00000000db980000)
  from space 11264K, 93% used [0x00000000db980000,0x00000000dc3c09a0,0x00000000dc480000)
  to   space 12800K, 0% used [0x00000000df100000,0x00000000df100000,0x00000000dfd80000)
 ParOldGen       total 61952K, used 8228K [0x0000000080c00000, 0x0000000084880000, 0x00000000d5980000)
  object space 61952K, 13% used [0x0000000080c00000,0x0000000081409220,0x0000000084880000)
 Metaspace       used 31354K, capacity 33126K, committed 33408K, reserved 1079296K
  class space    used 4095K, capacity 4405K, committed 4480K, reserved 1048576K
}
Event: 4.164 GC heap before
{Heap before GC invocations=9 (full 1):
 PSYoungGen      total 109568K, used 43403K [0x00000000d5980000, 0x00000000dfd80000, 0x0000000100000000)
  eden space 98304K, 33% used [0x00000000d5980000,0x00000000d79a2280,0x00000000db980000)
  from space 11264K, 93% used [0x00000000db980000,0x00000000dc3c09a0,0x00000000dc480000)
  to   space 12800K, 0% used [0x00000000df100000,0x00000000df100000,0x00000000dfd80000)
 ParOldGen       total 61952K, used 8228K [0x0000000080c00000, 0x0000000084880000, 0x00000000d5980000)
  object space 61952K, 13% used [0x0000000080c00000,0x0000000081409220,0x0000000084880000)
 Metaspace       used 33621K, capacity 35404K, committed 35456K, reserved 1079296K
  class space    used 4352K, capacity 4686K, committed 4736K, reserved 1048576K
Event: 4.182 GC heap after
Heap after GC invocations=9 (full 1):
 PSYoungGen      total 154624K, used 10071K [0x00000000d5980000, 0x00000000e0700000, 0x0000000100000000)
  eden space 141824K, 0% used [0x00000000d5980000,0x00000000d5980000,0x00000000de400000)
  from space 12800K, 78% used [0x00000000df100000,0x00000000dfad5da8,0x00000000dfd80000)
  to   space 13312K, 0% used [0x00000000de400000,0x00000000de400000,0x00000000df100000)
 ParOldGen       total 61952K, used 8228K [0x0000000080c00000, 0x0000000084880000, 0x00000000d5980000)
  object space 61952K, 13% used [0x0000000080c00000,0x0000000081409220,0x0000000084880000)
 Metaspace       used 33621K, capacity 35404K, committed 35456K, reserved 1079296K
  class space    used 4352K, capacity 4686K, committed 4736K, reserved 1048576K
}
Event: 4.182 GC heap before
{Heap before GC invocations=10 (full 2):
 PSYoungGen      total 154624K, used 10071K [0x00000000d5980000, 0x00000000e0700000, 0x0000000100000000)
  eden space 141824K, 0% used [0x00000000d5980000,0x00000000d5980000,0x00000000de400000)
  from space 12800K, 78% used [0x00000000df100000,0x00000000dfad5da8,0x00000000dfd80000)
  to   space 13312K, 0% used [0x00000000de400000,0x00000000de400000,0x00000000df100000)
 ParOldGen       total 61952K, used 8228K [0x0000000080c00000, 0x0000000084880000, 0x00000000d5980000)
  object space 61952K, 13% used [0x0000000080c00000,0x0000000081409220,0x0000000084880000)
 Metaspace       used 33621K, capacity 35404K, committed 35456K, reserved 1079296K
  class space    used 4352K, capacity 4686K, committed 4736K, reserved 1048576K
Event: 4.251 GC heap after
Heap after GC invocations=10 (full 2):
 PSYoungGen      total 154624K, used 0K [0x00000000d5980000, 0x00000000e0700000, 0x0000000100000000)
  eden space 141824K, 0% used [0x00000000d5980000,0x00000000d5980000,0x00000000de400000)
  from space 12800K, 0% used [0x00000000df100000,0x00000000df100000,0x00000000dfd80000)
  to   space 13312K, 0% used [0x00000000de400000,0x00000000de400000,0x00000000df100000)
 ParOldGen       total 61952K, used 14085K [0x0000000080c00000, 0x0000000084880000, 0x00000000d5980000)
  object space 61952K, 22% used [0x0000000080c00000,0x00000000819c1420,0x0000000084880000)
 Metaspace       used 33621K, capacity 35404K, committed 35456K, reserved 1079296K
  class space    used 4352K, capacity 4686K, committed 4736K, reserved 1048576K
}
Event: 6.914 GC heap before
{Heap before GC invocations=11 (full 2):
 PSYoungGen      total 154624K, used 141824K [0x00000000d5980000, 0x00000000e0700000, 0x0000000100000000)
  eden space 141824K, 100% used [0x00000000d5980000,0x00000000de400000,0x00000000de400000)
  from space 12800K, 0% used [0x00000000df100000,0x00000000df100000,0x00000000dfd80000)
  to   space 13312K, 0% used [0x00000000de400000,0x00000000de400000,0x00000000df100000)
 ParOldGen       total 61952K, used 14085K [0x0000000080c00000, 0x0000000084880000, 0x00000000d5980000)
  object space 61952K, 22% used [0x0000000080c00000,0x00000000819c1420,0x0000000084880000)
 Metaspace       used 51388K, capacity 53844K, committed 54144K, reserved 1095680K
  class space    used 7007K, capacity 7440K, committed 7552K, reserved 1048576K
Event: 6.935 GC heap after
Heap after GC invocations=11 (full 2):
 PSYoungGen      total 155136K, used 13297K [0x00000000d5980000, 0x00000000e2c80000, 0x0000000100000000)
  eden space 141824K, 0% used [0x00000000d5980000,0x00000000d5980000,0x00000000de400000)
  from space 13312K, 99% used [0x00000000de400000,0x00000000df0fc6a0,0x00000000df100000)
  to   space 17920K, 0% used [0x00000000e1b00000,0x00000000e1b00000,0x00000000e2c80000)
 ParOldGen       total 61952K, used 21086K [0x0000000080c00000, 0x0000000084880000, 0x00000000d5980000)
  object space 61952K, 34% used [0x0000000080c00000,0x0000000082097a58,0x0000000084880000)
 Metaspace       used 51388K, capacity 53844K, committed 54144K, reserved 1095680K
  class space    used 7007K, capacity 7440K, committed 7552K, reserved 1048576K
}
Event: 8.343 GC heap before
{Heap before GC invocations=12 (full 2):
 PSYoungGen      total 155136K, used 155121K [0x00000000d5980000, 0x00000000e2c80000, 0x0000000100000000)
  eden space 141824K, 100% used [0x00000000d5980000,0x00000000de400000,0x00000000de400000)
  from space 13312K, 99% used [0x00000000de400000,0x00000000df0fc6a0,0x00000000df100000)
  to   space 17920K, 0% used [0x00000000e1b00000,0x00000000e1b00000,0x00000000e2c80000)
 ParOldGen       total 61952K, used 21086K [0x0000000080c00000, 0x0000000084880000, 0x00000000d5980000)
  object space 61952K, 34% used [0x0000000080c00000,0x0000000082097a58,0x0000000084880000)
 Metaspace       used 54927K, capacity 58056K, committed 58240K, reserved 1099776K
  class space    used 7537K, capacity 8046K, committed 8064K, reserved 1048576K
Event: 8.367 GC heap after
Heap after GC invocations=12 (full 2):
 PSYoungGen      total 196096K, used 16529K [0x00000000d5980000, 0x00000000e3080000, 0x0000000100000000)
  eden space 178176K, 0% used [0x00000000d5980000,0x00000000d5980000,0x00000000e0780000)
  from space 17920K, 92% used [0x00000000e1b00000,0x00000000e2b24608,0x00000000e2c80000)
  to   space 19968K, 0% used [0x00000000e0780000,0x00000000e0780000,0x00000000e1b00000)
 ParOldGen       total 61952K, used 21094K [0x0000000080c00000, 0x0000000084880000, 0x00000000d5980000)
  object space 61952K, 34% used [0x0000000080c00000,0x0000000082099a58,0x0000000084880000)
 Metaspace       used 54927K, capacity 58056K, committed 58240K, reserved 1099776K
  class space    used 7537K, capacity 8046K, committed 8064K, reserved 1048576K
}

